<?xml version="1.0" encoding="UTF-8"?>
<!-- Generated by org.testng.reporters.JUnitReportReporter -->
<testsuite hostname="DESKTOP-BNASUTQ" failures="0" tests="1" name="Runner.TestRunner" time="31.581" errors="0" timestamp="15 Dec 2023 14:44:45 GMT">
  <testcase classname="Runner.TestRunner" name="feature" time="31.581"/>
</testsuite> <!-- Runner.TestRunner -->
